running egg_info
creating ../../build/rover_perception/rover_perception.egg-info
writing ../../build/rover_perception/rover_perception.egg-info/PKG-INFO
writing dependency_links to ../../build/rover_perception/rover_perception.egg-info/dependency_links.txt
writing entry points to ../../build/rover_perception/rover_perception.egg-info/entry_points.txt
writing requirements to ../../build/rover_perception/rover_perception.egg-info/requires.txt
writing top-level names to ../../build/rover_perception/rover_perception.egg-info/top_level.txt
writing manifest file '../../build/rover_perception/rover_perception.egg-info/SOURCES.txt'
reading manifest file '../../build/rover_perception/rover_perception.egg-info/SOURCES.txt'
writing manifest file '../../build/rover_perception/rover_perception.egg-info/SOURCES.txt'
running build
running build_py
creating /home/spherewalker/moonrockers/ros2_ws/build/rover_perception/build
creating /home/spherewalker/moonrockers/ros2_ws/build/rover_perception/build/lib
creating /home/spherewalker/moonrockers/ros2_ws/build/rover_perception/build/lib/rover_perception
copying rover_perception/april_tag_detection.py -> /home/spherewalker/moonrockers/ros2_ws/build/rover_perception/build/lib/rover_perception
copying rover_perception/__init__.py -> /home/spherewalker/moonrockers/ros2_ws/build/rover_perception/build/lib/rover_perception
running install
running install_lib
creating /home/spherewalker/moonrockers/ros2_ws/install/rover_perception/lib/python3.10/site-packages/rover_perception
copying /home/spherewalker/moonrockers/ros2_ws/build/rover_perception/build/lib/rover_perception/april_tag_detection.py -> /home/spherewalker/moonrockers/ros2_ws/install/rover_perception/lib/python3.10/site-packages/rover_perception
copying /home/spherewalker/moonrockers/ros2_ws/build/rover_perception/build/lib/rover_perception/__init__.py -> /home/spherewalker/moonrockers/ros2_ws/install/rover_perception/lib/python3.10/site-packages/rover_perception
byte-compiling /home/spherewalker/moonrockers/ros2_ws/install/rover_perception/lib/python3.10/site-packages/rover_perception/april_tag_detection.py to april_tag_detection.cpython-310.pyc
byte-compiling /home/spherewalker/moonrockers/ros2_ws/install/rover_perception/lib/python3.10/site-packages/rover_perception/__init__.py to __init__.cpython-310.pyc
running install_data
creating /home/spherewalker/moonrockers/ros2_ws/install/rover_perception/share/ament_index
creating /home/spherewalker/moonrockers/ros2_ws/install/rover_perception/share/ament_index/resource_index
creating /home/spherewalker/moonrockers/ros2_ws/install/rover_perception/share/ament_index/resource_index/packages
copying resource/rover_perception -> /home/spherewalker/moonrockers/ros2_ws/install/rover_perception/share/ament_index/resource_index/packages
copying package.xml -> /home/spherewalker/moonrockers/ros2_ws/install/rover_perception/share/rover_perception
running install_egg_info
Copying ../../build/rover_perception/rover_perception.egg-info to /home/spherewalker/moonrockers/ros2_ws/install/rover_perception/lib/python3.10/site-packages/rover_perception-0.0.0-py3.10.egg-info
running install_scripts
Installing apriltag_pose_estimator script to /home/spherewalker/moonrockers/ros2_ws/install/rover_perception/lib/rover_perception
writing list of installed files to '/home/spherewalker/moonrockers/ros2_ws/build/rover_perception/install.log'
