[0.553s] Invoking command in '/home/spherewalker/moonrockers/ros2_ws/src/rover_perception': PYTHONPATH=/home/spherewalker/moonrockers/ros2_ws/build/rover_perception/prefix_override:/usr/lib/python3/dist-packages/colcon_core/task/python/colcon_distutils_commands:/home/spherewalker/moonrockers/ros2_ws/install/rover_perception/lib/python3.10/site-packages:${PYTHONPATH} /usr/bin/python3 -W ignore:setup.py install is deprecated -W ignore:easy_install command is deprecated setup.py egg_info --egg-base ../../build/rover_perception build --build-base /home/spherewalker/moonrockers/ros2_ws/build/rover_perception/build install --record /home/spherewalker/moonrockers/ros2_ws/build/rover_perception/install.log --single-version-externally-managed install_data
[0.700s] running egg_info
[0.700s] creating ../../build/rover_perception/rover_perception.egg-info
[0.700s] writing ../../build/rover_perception/rover_perception.egg-info/PKG-INFO
[0.700s] writing dependency_links to ../../build/rover_perception/rover_perception.egg-info/dependency_links.txt
[0.700s] writing entry points to ../../build/rover_perception/rover_perception.egg-info/entry_points.txt
[0.700s] writing requirements to ../../build/rover_perception/rover_perception.egg-info/requires.txt
[0.700s] writing top-level names to ../../build/rover_perception/rover_perception.egg-info/top_level.txt
[0.700s] writing manifest file '../../build/rover_perception/rover_perception.egg-info/SOURCES.txt'
[0.701s] reading manifest file '../../build/rover_perception/rover_perception.egg-info/SOURCES.txt'
[0.702s] writing manifest file '../../build/rover_perception/rover_perception.egg-info/SOURCES.txt'
[0.702s] running build
[0.702s] running build_py
[0.703s] creating /home/spherewalker/moonrockers/ros2_ws/build/rover_perception/build
[0.703s] creating /home/spherewalker/moonrockers/ros2_ws/build/rover_perception/build/lib
[0.703s] creating /home/spherewalker/moonrockers/ros2_ws/build/rover_perception/build/lib/rover_perception
[0.703s] copying rover_perception/april_tag_detection.py -> /home/spherewalker/moonrockers/ros2_ws/build/rover_perception/build/lib/rover_perception
[0.703s] copying rover_perception/__init__.py -> /home/spherewalker/moonrockers/ros2_ws/build/rover_perception/build/lib/rover_perception
[0.703s] running install
[0.703s] running install_lib
[0.704s] creating /home/spherewalker/moonrockers/ros2_ws/install/rover_perception/lib/python3.10/site-packages/rover_perception
[0.704s] copying /home/spherewalker/moonrockers/ros2_ws/build/rover_perception/build/lib/rover_perception/april_tag_detection.py -> /home/spherewalker/moonrockers/ros2_ws/install/rover_perception/lib/python3.10/site-packages/rover_perception
[0.704s] copying /home/spherewalker/moonrockers/ros2_ws/build/rover_perception/build/lib/rover_perception/__init__.py -> /home/spherewalker/moonrockers/ros2_ws/install/rover_perception/lib/python3.10/site-packages/rover_perception
[0.704s] byte-compiling /home/spherewalker/moonrockers/ros2_ws/install/rover_perception/lib/python3.10/site-packages/rover_perception/april_tag_detection.py to april_tag_detection.cpython-310.pyc
[0.705s] byte-compiling /home/spherewalker/moonrockers/ros2_ws/install/rover_perception/lib/python3.10/site-packages/rover_perception/__init__.py to __init__.cpython-310.pyc
[0.705s] running install_data
[0.706s] creating /home/spherewalker/moonrockers/ros2_ws/install/rover_perception/share/ament_index
[0.706s] creating /home/spherewalker/moonrockers/ros2_ws/install/rover_perception/share/ament_index/resource_index
[0.706s] creating /home/spherewalker/moonrockers/ros2_ws/install/rover_perception/share/ament_index/resource_index/packages
[0.706s] copying resource/rover_perception -> /home/spherewalker/moonrockers/ros2_ws/install/rover_perception/share/ament_index/resource_index/packages
[0.706s] copying package.xml -> /home/spherewalker/moonrockers/ros2_ws/install/rover_perception/share/rover_perception
[0.706s] running install_egg_info
[0.708s] Copying ../../build/rover_perception/rover_perception.egg-info to /home/spherewalker/moonrockers/ros2_ws/install/rover_perception/lib/python3.10/site-packages/rover_perception-0.0.0-py3.10.egg-info
[0.708s] running install_scripts
[0.722s] Installing apriltag_pose_estimator script to /home/spherewalker/moonrockers/ros2_ws/install/rover_perception/lib/rover_perception
[0.722s] writing list of installed files to '/home/spherewalker/moonrockers/ros2_ws/build/rover_perception/install.log'
[0.748s] Invoked command in '/home/spherewalker/moonrockers/ros2_ws/src/rover_perception' returned '0': PYTHONPATH=/home/spherewalker/moonrockers/ros2_ws/build/rover_perception/prefix_override:/usr/lib/python3/dist-packages/colcon_core/task/python/colcon_distutils_commands:/home/spherewalker/moonrockers/ros2_ws/install/rover_perception/lib/python3.10/site-packages:${PYTHONPATH} /usr/bin/python3 -W ignore:setup.py install is deprecated -W ignore:easy_install command is deprecated setup.py egg_info --egg-base ../../build/rover_perception build --build-base /home/spherewalker/moonrockers/ros2_ws/build/rover_perception/build install --record /home/spherewalker/moonrockers/ros2_ws/build/rover_perception/install.log --single-version-externally-managed install_data
