[0.096s] DEBUG:colcon:Command line arguments: ['/usr/bin/colcon', 'build']
[0.096s] DEBUG:colcon:Parsed command line arguments: Namespace(log_base=None, log_level=None, verb_name='build', build_base='build', install_base='install', merge_install=False, symlink_install=False, test_result_base=None, continue_on_error=False, executor='parallel', parallel_workers=8, event_handlers=None, ignore_user_meta=False, metas=['./colcon.meta'], base_paths=['.'], packages_ignore=None, packages_ignore_regex=None, paths=None, packages_up_to=None, packages_up_to_regex=None, packages_above=None, packages_above_and_dependencies=None, packages_above_depth=None, packages_select_by_dep=None, packages_skip_by_dep=None, packages_skip_up_to=None, packages_select_build_failed=False, packages_skip_build_finished=False, packages_select_test_failures=False, packages_skip_test_passed=False, packages_select=None, packages_skip=None, packages_select_regex=None, packages_skip_regex=None, packages_start=None, packages_end=None, allow_overriding=[], cmake_args=None, cmake_target=None, cmake_target_skip_unavailable=False, cmake_clean_cache=False, cmake_clean_first=False, cmake_force_configure=False, ament_cmake_args=None, catkin_cmake_args=None, catkin_skip_building_tests=False, mixin_files=None, mixin=None, verb_parser=<colcon_mixin.mixin.mixin_argument.MixinArgumentDecorator object at 0x7c51a1459180>, verb_extension=<colcon_core.verb.build.BuildVerb object at 0x7c51a1458bb0>, main=<bound method BuildVerb.main of <colcon_core.verb.build.BuildVerb object at 0x7c51a1458bb0>>, mixin_verb=('build',))
[0.195s] Level 1:colcon.colcon_core.package_discovery:discover_packages(colcon_meta) check parameters
[0.195s] Level 1:colcon.colcon_core.package_discovery:discover_packages(recursive) check parameters
[0.195s] Level 1:colcon.colcon_core.package_discovery:discover_packages(ignore) check parameters
[0.195s] Level 1:colcon.colcon_core.package_discovery:discover_packages(path) check parameters
[0.195s] Level 1:colcon.colcon_core.package_discovery:discover_packages(colcon_meta) discover
[0.195s] Level 1:colcon.colcon_core.package_discovery:discover_packages(recursive) discover
[0.195s] INFO:colcon.colcon_core.package_discovery:Crawling recursively for packages in '/home/spherewalker/moonrockers/ros2_ws'
[0.195s] Level 1:colcon.colcon_core.package_identification:_identify(.) by extensions ['ignore', 'ignore_ament_install']
[0.195s] Level 1:colcon.colcon_core.package_identification:_identify(.) by extension 'ignore'
[0.195s] Level 1:colcon.colcon_core.package_identification:_identify(.) by extension 'ignore_ament_install'
[0.195s] Level 1:colcon.colcon_core.package_identification:_identify(.) by extensions ['colcon_pkg']
[0.195s] Level 1:colcon.colcon_core.package_identification:_identify(.) by extension 'colcon_pkg'
[0.195s] Level 1:colcon.colcon_core.package_identification:_identify(.) by extensions ['colcon_meta']
[0.195s] Level 1:colcon.colcon_core.package_identification:_identify(.) by extension 'colcon_meta'
[0.195s] Level 1:colcon.colcon_core.package_identification:_identify(.) by extensions ['ros']
[0.195s] Level 1:colcon.colcon_core.package_identification:_identify(.) by extension 'ros'
[0.202s] Level 1:colcon.colcon_core.package_identification:_identify(.) by extensions ['cmake', 'python']
[0.202s] Level 1:colcon.colcon_core.package_identification:_identify(.) by extension 'cmake'
[0.202s] Level 1:colcon.colcon_core.package_identification:_identify(.) by extension 'python'
[0.202s] Level 1:colcon.colcon_core.package_identification:_identify(.) by extensions ['python_setup_py']
[0.202s] Level 1:colcon.colcon_core.package_identification:_identify(.) by extension 'python_setup_py'
[0.202s] Level 1:colcon.colcon_core.package_identification:_identify(build) by extensions ['ignore', 'ignore_ament_install']
[0.202s] Level 1:colcon.colcon_core.package_identification:_identify(build) by extension 'ignore'
[0.202s] Level 1:colcon.colcon_core.package_identification:_identify(build) ignored
[0.202s] Level 1:colcon.colcon_core.package_identification:_identify(install) by extensions ['ignore', 'ignore_ament_install']
[0.202s] Level 1:colcon.colcon_core.package_identification:_identify(install) by extension 'ignore'
[0.202s] Level 1:colcon.colcon_core.package_identification:_identify(install) ignored
[0.202s] Level 1:colcon.colcon_core.package_identification:_identify(log) by extensions ['ignore', 'ignore_ament_install']
[0.202s] Level 1:colcon.colcon_core.package_identification:_identify(log) by extension 'ignore'
[0.202s] Level 1:colcon.colcon_core.package_identification:_identify(log) ignored
[0.202s] Level 1:colcon.colcon_core.package_identification:_identify(src) by extensions ['ignore', 'ignore_ament_install']
[0.202s] Level 1:colcon.colcon_core.package_identification:_identify(src) by extension 'ignore'
[0.202s] Level 1:colcon.colcon_core.package_identification:_identify(src) by extension 'ignore_ament_install'
[0.202s] Level 1:colcon.colcon_core.package_identification:_identify(src) by extensions ['colcon_pkg']
[0.202s] Level 1:colcon.colcon_core.package_identification:_identify(src) by extension 'colcon_pkg'
[0.202s] Level 1:colcon.colcon_core.package_identification:_identify(src) by extensions ['colcon_meta']
[0.203s] Level 1:colcon.colcon_core.package_identification:_identify(src) by extension 'colcon_meta'
[0.203s] Level 1:colcon.colcon_core.package_identification:_identify(src) by extensions ['ros']
[0.203s] Level 1:colcon.colcon_core.package_identification:_identify(src) by extension 'ros'
[0.203s] Level 1:colcon.colcon_core.package_identification:_identify(src) by extensions ['cmake', 'python']
[0.203s] Level 1:colcon.colcon_core.package_identification:_identify(src) by extension 'cmake'
[0.203s] Level 1:colcon.colcon_core.package_identification:_identify(src) by extension 'python'
[0.203s] Level 1:colcon.colcon_core.package_identification:_identify(src) by extensions ['python_setup_py']
[0.203s] Level 1:colcon.colcon_core.package_identification:_identify(src) by extension 'python_setup_py'
[0.203s] Level 1:colcon.colcon_core.package_identification:_identify(src/rover_perception) by extensions ['ignore', 'ignore_ament_install']
[0.203s] Level 1:colcon.colcon_core.package_identification:_identify(src/rover_perception) by extension 'ignore'
[0.203s] Level 1:colcon.colcon_core.package_identification:_identify(src/rover_perception) by extension 'ignore_ament_install'
[0.203s] Level 1:colcon.colcon_core.package_identification:_identify(src/rover_perception) by extensions ['colcon_pkg']
[0.203s] Level 1:colcon.colcon_core.package_identification:_identify(src/rover_perception) by extension 'colcon_pkg'
[0.203s] Level 1:colcon.colcon_core.package_identification:_identify(src/rover_perception) by extensions ['colcon_meta']
[0.203s] Level 1:colcon.colcon_core.package_identification:_identify(src/rover_perception) by extension 'colcon_meta'
[0.203s] Level 1:colcon.colcon_core.package_identification:_identify(src/rover_perception) by extensions ['ros']
[0.203s] Level 1:colcon.colcon_core.package_identification:_identify(src/rover_perception) by extension 'ros'
[0.205s] DEBUG:colcon.colcon_core.package_identification:Package 'src/rover_perception' with type 'ros.ament_python' and name 'rover_perception'
[0.205s] Level 1:colcon.colcon_core.package_identification:_identify(src/rover_power_monitor) by extensions ['ignore', 'ignore_ament_install']
[0.205s] Level 1:colcon.colcon_core.package_identification:_identify(src/rover_power_monitor) by extension 'ignore'
[0.205s] Level 1:colcon.colcon_core.package_identification:_identify(src/rover_power_monitor) by extension 'ignore_ament_install'
[0.205s] Level 1:colcon.colcon_core.package_identification:_identify(src/rover_power_monitor) by extensions ['colcon_pkg']
[0.205s] Level 1:colcon.colcon_core.package_identification:_identify(src/rover_power_monitor) by extension 'colcon_pkg'
[0.205s] Level 1:colcon.colcon_core.package_identification:_identify(src/rover_power_monitor) by extensions ['colcon_meta']
[0.205s] Level 1:colcon.colcon_core.package_identification:_identify(src/rover_power_monitor) by extension 'colcon_meta'
[0.205s] Level 1:colcon.colcon_core.package_identification:_identify(src/rover_power_monitor) by extensions ['ros']
[0.205s] Level 1:colcon.colcon_core.package_identification:_identify(src/rover_power_monitor) by extension 'ros'
[0.206s] DEBUG:colcon.colcon_core.package_identification:Package 'src/rover_power_monitor' with type 'ros.ament_python' and name 'rover_power_monitor'
[0.206s] Level 1:colcon.colcon_core.package_discovery:discover_packages(recursive) using defaults
[0.206s] Level 1:colcon.colcon_core.package_discovery:discover_packages(ignore) discover
[0.206s] Level 1:colcon.colcon_core.package_discovery:discover_packages(ignore) using defaults
[0.206s] Level 1:colcon.colcon_core.package_discovery:discover_packages(path) discover
[0.206s] Level 1:colcon.colcon_core.package_discovery:discover_packages(path) using defaults
[0.228s] Level 1:colcon.colcon_core.package_discovery:discover_packages(prefix_path) check parameters
[0.228s] Level 1:colcon.colcon_core.package_discovery:discover_packages(prefix_path) discover
[0.230s] DEBUG:colcon.colcon_installed_package_information.package_discovery:Found 312 installed packages in /opt/ros/humble
[0.231s] Level 1:colcon.colcon_core.package_discovery:discover_packages(prefix_path) using defaults
[0.254s] Level 5:colcon.colcon_core.verb:set package 'rover_perception' build argument 'cmake_args' from command line to 'None'
[0.254s] Level 5:colcon.colcon_core.verb:set package 'rover_perception' build argument 'cmake_target' from command line to 'None'
[0.254s] Level 5:colcon.colcon_core.verb:set package 'rover_perception' build argument 'cmake_target_skip_unavailable' from command line to 'False'
[0.254s] Level 5:colcon.colcon_core.verb:set package 'rover_perception' build argument 'cmake_clean_cache' from command line to 'False'
[0.254s] Level 5:colcon.colcon_core.verb:set package 'rover_perception' build argument 'cmake_clean_first' from command line to 'False'
[0.254s] Level 5:colcon.colcon_core.verb:set package 'rover_perception' build argument 'cmake_force_configure' from command line to 'False'
[0.254s] Level 5:colcon.colcon_core.verb:set package 'rover_perception' build argument 'ament_cmake_args' from command line to 'None'
[0.254s] Level 5:colcon.colcon_core.verb:set package 'rover_perception' build argument 'catkin_cmake_args' from command line to 'None'
[0.254s] Level 5:colcon.colcon_core.verb:set package 'rover_perception' build argument 'catkin_skip_building_tests' from command line to 'False'
[0.254s] DEBUG:colcon.colcon_core.verb:Building package 'rover_perception' with the following arguments: {'ament_cmake_args': None, 'build_base': '/home/spherewalker/moonrockers/ros2_ws/build/rover_perception', 'catkin_cmake_args': None, 'catkin_skip_building_tests': False, 'cmake_args': None, 'cmake_clean_cache': False, 'cmake_clean_first': False, 'cmake_force_configure': False, 'cmake_target': None, 'cmake_target_skip_unavailable': False, 'install_base': '/home/spherewalker/moonrockers/ros2_ws/install/rover_perception', 'merge_install': False, 'path': '/home/spherewalker/moonrockers/ros2_ws/src/rover_perception', 'symlink_install': False, 'test_result_base': None}
[0.255s] Level 5:colcon.colcon_core.verb:set package 'rover_power_monitor' build argument 'cmake_args' from command line to 'None'
[0.255s] Level 5:colcon.colcon_core.verb:set package 'rover_power_monitor' build argument 'cmake_target' from command line to 'None'
[0.255s] Level 5:colcon.colcon_core.verb:set package 'rover_power_monitor' build argument 'cmake_target_skip_unavailable' from command line to 'False'
[0.255s] Level 5:colcon.colcon_core.verb:set package 'rover_power_monitor' build argument 'cmake_clean_cache' from command line to 'False'
[0.255s] Level 5:colcon.colcon_core.verb:set package 'rover_power_monitor' build argument 'cmake_clean_first' from command line to 'False'
[0.255s] Level 5:colcon.colcon_core.verb:set package 'rover_power_monitor' build argument 'cmake_force_configure' from command line to 'False'
[0.255s] Level 5:colcon.colcon_core.verb:set package 'rover_power_monitor' build argument 'ament_cmake_args' from command line to 'None'
[0.255s] Level 5:colcon.colcon_core.verb:set package 'rover_power_monitor' build argument 'catkin_cmake_args' from command line to 'None'
[0.255s] Level 5:colcon.colcon_core.verb:set package 'rover_power_monitor' build argument 'catkin_skip_building_tests' from command line to 'False'
[0.255s] DEBUG:colcon.colcon_core.verb:Building package 'rover_power_monitor' with the following arguments: {'ament_cmake_args': None, 'build_base': '/home/spherewalker/moonrockers/ros2_ws/build/rover_power_monitor', 'catkin_cmake_args': None, 'catkin_skip_building_tests': False, 'cmake_args': None, 'cmake_clean_cache': False, 'cmake_clean_first': False, 'cmake_force_configure': False, 'cmake_target': None, 'cmake_target_skip_unavailable': False, 'install_base': '/home/spherewalker/moonrockers/ros2_ws/install/rover_power_monitor', 'merge_install': False, 'path': '/home/spherewalker/moonrockers/ros2_ws/src/rover_power_monitor', 'symlink_install': False, 'test_result_base': None}
[0.255s] INFO:colcon.colcon_core.executor:Executing jobs using 'parallel' executor
[0.256s] DEBUG:colcon.colcon_parallel_executor.executor.parallel:run_until_complete
[0.256s] INFO:colcon.colcon_ros.task.ament_python.build:Building ROS package in '/home/spherewalker/moonrockers/ros2_ws/src/rover_perception' with build type 'ament_python'
[0.256s] Level 1:colcon.colcon_core.shell:create_environment_hook('rover_perception', 'ament_prefix_path')
[0.258s] INFO:colcon.colcon_core.plugin_system:Skipping extension 'colcon_core.shell.bat': Not used on non-Windows systems
[0.258s] INFO:colcon.colcon_core.shell:Creating environment hook '/home/spherewalker/moonrockers/ros2_ws/install/rover_perception/share/rover_perception/hook/ament_prefix_path.ps1'
[0.259s] INFO:colcon.colcon_core.shell:Creating environment descriptor '/home/spherewalker/moonrockers/ros2_ws/install/rover_perception/share/rover_perception/hook/ament_prefix_path.dsv'
[0.259s] INFO:colcon.colcon_core.shell:Creating environment hook '/home/spherewalker/moonrockers/ros2_ws/install/rover_perception/share/rover_perception/hook/ament_prefix_path.sh'
[0.259s] INFO:colcon.colcon_core.shell:Skip shell extension 'powershell' for command environment: Not usable outside of PowerShell
[0.260s] DEBUG:colcon.colcon_core.shell:Skip shell extension 'dsv' for command environment
[0.261s] INFO:colcon.colcon_ros.task.ament_python.build:Building ROS package in '/home/spherewalker/moonrockers/ros2_ws/src/rover_power_monitor' with build type 'ament_python'
[0.261s] Level 1:colcon.colcon_core.shell:create_environment_hook('rover_power_monitor', 'ament_prefix_path')
[0.262s] INFO:colcon.colcon_core.shell:Creating environment hook '/home/spherewalker/moonrockers/ros2_ws/install/rover_power_monitor/share/rover_power_monitor/hook/ament_prefix_path.ps1'
[0.262s] INFO:colcon.colcon_core.shell:Creating environment descriptor '/home/spherewalker/moonrockers/ros2_ws/install/rover_power_monitor/share/rover_power_monitor/hook/ament_prefix_path.dsv'
[0.262s] INFO:colcon.colcon_core.shell:Creating environment hook '/home/spherewalker/moonrockers/ros2_ws/install/rover_power_monitor/share/rover_power_monitor/hook/ament_prefix_path.sh'
[0.262s] INFO:colcon.colcon_core.shell:Skip shell extension 'powershell' for command environment: Not usable outside of PowerShell
[0.262s] DEBUG:colcon.colcon_core.shell:Skip shell extension 'dsv' for command environment
[0.418s] INFO:colcon.colcon_core.task.python.build:Building Python package in '/home/spherewalker/moonrockers/ros2_ws/src/rover_perception'
[0.419s] INFO:colcon.colcon_core.shell:Skip shell extension 'powershell' for command environment: Not usable outside of PowerShell
[0.419s] DEBUG:colcon.colcon_core.shell:Skip shell extension 'dsv' for command environment
[0.573s] INFO:colcon.colcon_core.task.python.build:Building Python package in '/home/spherewalker/moonrockers/ros2_ws/src/rover_power_monitor'
[0.573s] INFO:colcon.colcon_core.shell:Skip shell extension 'powershell' for command environment: Not usable outside of PowerShell
[0.573s] DEBUG:colcon.colcon_core.shell:Skip shell extension 'dsv' for command environment
[0.807s] DEBUG:colcon.colcon_core.event_handler.log_command:Invoking command in '/home/spherewalker/moonrockers/ros2_ws/src/rover_power_monitor': PYTHONPATH=/home/spherewalker/moonrockers/ros2_ws/build/rover_power_monitor/prefix_override:/usr/lib/python3/dist-packages/colcon_core/task/python/colcon_distutils_commands:/home/spherewalker/moonrockers/ros2_ws/install/rover_power_monitor/lib/python3.10/site-packages:${PYTHONPATH} /usr/bin/python3 -W ignore:setup.py install is deprecated -W ignore:easy_install command is deprecated setup.py egg_info --egg-base ../../build/rover_power_monitor build --build-base /home/spherewalker/moonrockers/ros2_ws/build/rover_power_monitor/build install --record /home/spherewalker/moonrockers/ros2_ws/build/rover_power_monitor/install.log --single-version-externally-managed install_data
[0.809s] DEBUG:colcon.colcon_core.event_handler.log_command:Invoking command in '/home/spherewalker/moonrockers/ros2_ws/src/rover_perception': PYTHONPATH=/home/spherewalker/moonrockers/ros2_ws/build/rover_perception/prefix_override:/usr/lib/python3/dist-packages/colcon_core/task/python/colcon_distutils_commands:/home/spherewalker/moonrockers/ros2_ws/install/rover_perception/lib/python3.10/site-packages:${PYTHONPATH} /usr/bin/python3 -W ignore:setup.py install is deprecated -W ignore:easy_install command is deprecated setup.py egg_info --egg-base ../../build/rover_perception build --build-base /home/spherewalker/moonrockers/ros2_ws/build/rover_perception/build install --record /home/spherewalker/moonrockers/ros2_ws/build/rover_perception/install.log --single-version-externally-managed install_data
[0.994s] DEBUG:colcon.colcon_core.event_handler.log_command:Invoked command in '/home/spherewalker/moonrockers/ros2_ws/src/rover_power_monitor' returned '0': PYTHONPATH=/home/spherewalker/moonrockers/ros2_ws/build/rover_power_monitor/prefix_override:/usr/lib/python3/dist-packages/colcon_core/task/python/colcon_distutils_commands:/home/spherewalker/moonrockers/ros2_ws/install/rover_power_monitor/lib/python3.10/site-packages:${PYTHONPATH} /usr/bin/python3 -W ignore:setup.py install is deprecated -W ignore:easy_install command is deprecated setup.py egg_info --egg-base ../../build/rover_power_monitor build --build-base /home/spherewalker/moonrockers/ros2_ws/build/rover_power_monitor/build install --record /home/spherewalker/moonrockers/ros2_ws/build/rover_power_monitor/install.log --single-version-externally-managed install_data
[0.997s] Level 1:colcon.colcon_core.environment:checking '/home/spherewalker/moonrockers/ros2_ws/install/rover_power_monitor' for CMake module files
[0.998s] Level 1:colcon.colcon_core.environment:checking '/home/spherewalker/moonrockers/ros2_ws/install/rover_power_monitor' for CMake config files
[0.998s] Level 1:colcon.colcon_core.environment:checking '/home/spherewalker/moonrockers/ros2_ws/install/rover_power_monitor/lib'
[0.998s] Level 1:colcon.colcon_core.environment:checking '/home/spherewalker/moonrockers/ros2_ws/install/rover_power_monitor/bin'
[0.998s] Level 1:colcon.colcon_core.environment:checking '/home/spherewalker/moonrockers/ros2_ws/install/rover_power_monitor/lib/pkgconfig/rover_power_monitor.pc'
[0.998s] Level 1:colcon.colcon_core.environment:checking '/home/spherewalker/moonrockers/ros2_ws/install/rover_power_monitor/lib/python3.10/site-packages'
[0.998s] Level 1:colcon.colcon_core.shell:create_environment_hook('rover_power_monitor', 'pythonpath')
[0.998s] INFO:colcon.colcon_core.shell:Creating environment hook '/home/spherewalker/moonrockers/ros2_ws/install/rover_power_monitor/share/rover_power_monitor/hook/pythonpath.ps1'
[0.999s] INFO:colcon.colcon_core.shell:Creating environment descriptor '/home/spherewalker/moonrockers/ros2_ws/install/rover_power_monitor/share/rover_power_monitor/hook/pythonpath.dsv'
[0.999s] INFO:colcon.colcon_core.shell:Creating environment hook '/home/spherewalker/moonrockers/ros2_ws/install/rover_power_monitor/share/rover_power_monitor/hook/pythonpath.sh'
[0.999s] Level 1:colcon.colcon_core.environment:checking '/home/spherewalker/moonrockers/ros2_ws/install/rover_power_monitor/bin'
[0.999s] Level 1:colcon.colcon_core.environment:create_environment_scripts_only(rover_power_monitor)
[1.000s] INFO:colcon.colcon_core.shell:Creating package script '/home/spherewalker/moonrockers/ros2_ws/install/rover_power_monitor/share/rover_power_monitor/package.ps1'
[1.000s] INFO:colcon.colcon_core.shell:Creating package descriptor '/home/spherewalker/moonrockers/ros2_ws/install/rover_power_monitor/share/rover_power_monitor/package.dsv'
[1.001s] INFO:colcon.colcon_core.shell:Creating package script '/home/spherewalker/moonrockers/ros2_ws/install/rover_power_monitor/share/rover_power_monitor/package.sh'
[1.001s] INFO:colcon.colcon_core.shell:Creating package script '/home/spherewalker/moonrockers/ros2_ws/install/rover_power_monitor/share/rover_power_monitor/package.bash'
[1.002s] INFO:colcon.colcon_core.shell:Creating package script '/home/spherewalker/moonrockers/ros2_ws/install/rover_power_monitor/share/rover_power_monitor/package.zsh'
[1.002s] Level 1:colcon.colcon_core.environment:create_file_with_runtime_dependencies(/home/spherewalker/moonrockers/ros2_ws/install/rover_power_monitor/share/colcon-core/packages/rover_power_monitor)
[1.003s] Level 1:colcon.colcon_core.environment:checking '/home/spherewalker/moonrockers/ros2_ws/install/rover_perception' for CMake module files
[1.003s] DEBUG:colcon.colcon_core.event_handler.log_command:Invoked command in '/home/spherewalker/moonrockers/ros2_ws/src/rover_perception' returned '0': PYTHONPATH=/home/spherewalker/moonrockers/ros2_ws/build/rover_perception/prefix_override:/usr/lib/python3/dist-packages/colcon_core/task/python/colcon_distutils_commands:/home/spherewalker/moonrockers/ros2_ws/install/rover_perception/lib/python3.10/site-packages:${PYTHONPATH} /usr/bin/python3 -W ignore:setup.py install is deprecated -W ignore:easy_install command is deprecated setup.py egg_info --egg-base ../../build/rover_perception build --build-base /home/spherewalker/moonrockers/ros2_ws/build/rover_perception/build install --record /home/spherewalker/moonrockers/ros2_ws/build/rover_perception/install.log --single-version-externally-managed install_data
[1.004s] Level 1:colcon.colcon_core.environment:checking '/home/spherewalker/moonrockers/ros2_ws/install/rover_perception' for CMake config files
[1.004s] Level 1:colcon.colcon_core.environment:checking '/home/spherewalker/moonrockers/ros2_ws/install/rover_perception/lib'
[1.004s] Level 1:colcon.colcon_core.environment:checking '/home/spherewalker/moonrockers/ros2_ws/install/rover_perception/bin'
[1.004s] Level 1:colcon.colcon_core.environment:checking '/home/spherewalker/moonrockers/ros2_ws/install/rover_perception/lib/pkgconfig/rover_perception.pc'
[1.004s] Level 1:colcon.colcon_core.environment:checking '/home/spherewalker/moonrockers/ros2_ws/install/rover_perception/lib/python3.10/site-packages'
[1.004s] Level 1:colcon.colcon_core.shell:create_environment_hook('rover_perception', 'pythonpath')
[1.004s] INFO:colcon.colcon_core.shell:Creating environment hook '/home/spherewalker/moonrockers/ros2_ws/install/rover_perception/share/rover_perception/hook/pythonpath.ps1'
[1.004s] INFO:colcon.colcon_core.shell:Creating environment descriptor '/home/spherewalker/moonrockers/ros2_ws/install/rover_perception/share/rover_perception/hook/pythonpath.dsv'
[1.005s] INFO:colcon.colcon_core.shell:Creating environment hook '/home/spherewalker/moonrockers/ros2_ws/install/rover_perception/share/rover_perception/hook/pythonpath.sh'
[1.005s] Level 1:colcon.colcon_core.environment:checking '/home/spherewalker/moonrockers/ros2_ws/install/rover_perception/bin'
[1.005s] Level 1:colcon.colcon_core.environment:create_environment_scripts_only(rover_perception)
[1.005s] INFO:colcon.colcon_core.shell:Creating package script '/home/spherewalker/moonrockers/ros2_ws/install/rover_perception/share/rover_perception/package.ps1'
[1.006s] INFO:colcon.colcon_core.shell:Creating package descriptor '/home/spherewalker/moonrockers/ros2_ws/install/rover_perception/share/rover_perception/package.dsv'
[1.006s] INFO:colcon.colcon_core.shell:Creating package script '/home/spherewalker/moonrockers/ros2_ws/install/rover_perception/share/rover_perception/package.sh'
[1.006s] INFO:colcon.colcon_core.shell:Creating package script '/home/spherewalker/moonrockers/ros2_ws/install/rover_perception/share/rover_perception/package.bash'
[1.006s] INFO:colcon.colcon_core.shell:Creating package script '/home/spherewalker/moonrockers/ros2_ws/install/rover_perception/share/rover_perception/package.zsh'
[1.006s] Level 1:colcon.colcon_core.environment:create_file_with_runtime_dependencies(/home/spherewalker/moonrockers/ros2_ws/install/rover_perception/share/colcon-core/packages/rover_perception)
[1.006s] DEBUG:colcon.colcon_parallel_executor.executor.parallel:closing loop
[1.007s] DEBUG:colcon.colcon_parallel_executor.executor.parallel:loop closed
[1.007s] DEBUG:colcon.colcon_parallel_executor.executor.parallel:run_until_complete finished with '0'
[1.007s] DEBUG:colcon.colcon_core.event_reactor:joining thread
[1.011s] INFO:colcon.colcon_core.plugin_system:Skipping extension 'colcon_notification.desktop_notification.terminal_notifier': Not used on non-Darwin systems
[1.011s] INFO:colcon.colcon_core.plugin_system:Skipping extension 'colcon_notification.desktop_notification.win32': Not used on non-Windows systems
[1.011s] INFO:colcon.colcon_notification.desktop_notification:Sending desktop notification using 'notify2'
[1.022s] DEBUG:colcon.colcon_core.event_reactor:joined thread
[1.022s] INFO:colcon.colcon_core.shell:Creating prefix script '/home/spherewalker/moonrockers/ros2_ws/install/local_setup.ps1'
[1.023s] INFO:colcon.colcon_core.shell:Creating prefix util module '/home/spherewalker/moonrockers/ros2_ws/install/_local_setup_util_ps1.py'
[1.024s] INFO:colcon.colcon_core.shell:Creating prefix chain script '/home/spherewalker/moonrockers/ros2_ws/install/setup.ps1'
[1.025s] INFO:colcon.colcon_core.shell:Creating prefix script '/home/spherewalker/moonrockers/ros2_ws/install/local_setup.sh'
[1.025s] INFO:colcon.colcon_core.shell:Creating prefix util module '/home/spherewalker/moonrockers/ros2_ws/install/_local_setup_util_sh.py'
[1.025s] INFO:colcon.colcon_core.shell:Creating prefix chain script '/home/spherewalker/moonrockers/ros2_ws/install/setup.sh'
[1.026s] INFO:colcon.colcon_core.shell:Creating prefix script '/home/spherewalker/moonrockers/ros2_ws/install/local_setup.bash'
[1.026s] INFO:colcon.colcon_core.shell:Creating prefix chain script '/home/spherewalker/moonrockers/ros2_ws/install/setup.bash'
[1.027s] INFO:colcon.colcon_core.shell:Creating prefix script '/home/spherewalker/moonrockers/ros2_ws/install/local_setup.zsh'
[1.027s] INFO:colcon.colcon_core.shell:Creating prefix chain script '/home/spherewalker/moonrockers/ros2_ws/install/setup.zsh'
